<?xml version="1.0" encoding="UTF-8"?>
<coverage generated="1569962523">
  <project timestamp="1569962523">
    <package name="Marcusmyers\TeamManager\Http\Controllers">
      <file name="/Users/mmyers/Documents/Code/team-manager/src/Http/Controllers/GetAthlete.php">
        <class name="Marcusmyers\TeamManager\Http\Controllers\GetAthlete" namespace="Marcusmyers\TeamManager\Http\Controllers">
          <metrics complexity="1" methods="1" coveredmethods="1" conditionals="0" coveredconditionals="0" statements="1" coveredstatements="1" elements="2" coveredelements="2"/>
        </class>
        <line num="10" type="method" name="__invoke" visibility="public" complexity="1" crap="1" count="1"/>
        <line num="12" type="stmt" count="1"/>
        <metrics loc="13" ncloc="13" classes="1" methods="1" coveredmethods="1" conditionals="0" coveredconditionals="0" statements="1" coveredstatements="1" elements="2" coveredelements="2"/>
      </file>
      <file name="/Users/mmyers/Documents/Code/team-manager/src/Http/Controllers/GetCoach.php">
        <class name="Marcusmyers\TeamManager\Http\Controllers\GetCoach" namespace="Marcusmyers\TeamManager\Http\Controllers">
          <metrics complexity="1" methods="1" coveredmethods="1" conditionals="0" coveredconditionals="0" statements="1" coveredstatements="1" elements="2" coveredelements="2"/>
        </class>
        <line num="10" type="method" name="__invoke" visibility="public" complexity="1" crap="1" count="1"/>
        <line num="12" type="stmt" count="1"/>
        <metrics loc="13" ncloc="13" classes="1" methods="1" coveredmethods="1" conditionals="0" coveredconditionals="0" statements="1" coveredstatements="1" elements="2" coveredelements="2"/>
      </file>
      <file name="/Users/mmyers/Documents/Code/team-manager/src/Http/Controllers/GetTeam.php">
        <class name="Marcusmyers\TeamManager\Http\Controllers\GetTeam" namespace="Marcusmyers\TeamManager\Http\Controllers">
          <metrics complexity="1" methods="1" coveredmethods="1" conditionals="0" coveredconditionals="0" statements="1" coveredstatements="1" elements="2" coveredelements="2"/>
        </class>
        <line num="10" type="method" name="__invoke" visibility="public" complexity="1" crap="1" count="1"/>
        <line num="12" type="stmt" count="1"/>
        <metrics loc="13" ncloc="13" classes="1" methods="1" coveredmethods="1" conditionals="0" coveredconditionals="0" statements="1" coveredstatements="1" elements="2" coveredelements="2"/>
      </file>
    </package>
    <package name="Marcusmyers\TeamManager\Models">
      <file name="/Users/mmyers/Documents/Code/team-manager/src/Models/Athlete.php">
        <class name="Marcusmyers\TeamManager\Models\Athlete" namespace="Marcusmyers\TeamManager\Models">
          <metrics complexity="4" methods="4" coveredmethods="4" conditionals="0" coveredconditionals="0" statements="4" coveredstatements="4" elements="8" coveredelements="8"/>
        </class>
        <line num="17" type="method" name="formattedBirthday" visibility="public" complexity="1" crap="1" count="1"/>
        <line num="19" type="stmt" count="1"/>
        <line num="22" type="method" name="teams" visibility="public" complexity="1" crap="1" count="3"/>
        <line num="24" type="stmt" count="3"/>
        <line num="27" type="method" name="getFirstNameAttribute" visibility="public" complexity="1" crap="1" count="1"/>
        <line num="29" type="stmt" count="1"/>
        <line num="32" type="method" name="getLastNameAttribute" visibility="public" complexity="1" crap="1" count="1"/>
        <line num="34" type="stmt" count="1"/>
        <metrics loc="35" ncloc="35" classes="1" methods="4" coveredmethods="4" conditionals="0" coveredconditionals="0" statements="4" coveredstatements="4" elements="8" coveredelements="8"/>
      </file>
      <file name="/Users/mmyers/Documents/Code/team-manager/src/Models/Coach.php">
        <class name="Marcusmyers\TeamManager\Models\Coach" namespace="Marcusmyers\TeamManager\Models">
          <metrics complexity="3" methods="3" coveredmethods="3" conditionals="0" coveredconditionals="0" statements="3" coveredstatements="3" elements="6" coveredelements="6"/>
        </class>
        <line num="12" type="method" name="teams" visibility="public" complexity="1" crap="1" count="1"/>
        <line num="14" type="stmt" count="1"/>
        <line num="17" type="method" name="getFirstNameAttribute" visibility="public" complexity="1" crap="1" count="1"/>
        <line num="19" type="stmt" count="1"/>
        <line num="22" type="method" name="getLastNameAttribute" visibility="public" complexity="1" crap="1" count="1"/>
        <line num="24" type="stmt" count="1"/>
        <metrics loc="25" ncloc="25" classes="1" methods="3" coveredmethods="3" conditionals="0" coveredconditionals="0" statements="3" coveredstatements="3" elements="6" coveredelements="6"/>
      </file>
      <file name="/Users/mmyers/Documents/Code/team-manager/src/Models/Schedule.php">
        <class name="Marcusmyers\TeamManager\Models\Schedule" namespace="Marcusmyers\TeamManager\Models">
          <metrics complexity="2" methods="2" coveredmethods="1" conditionals="0" coveredconditionals="0" statements="2" coveredstatements="1" elements="4" coveredelements="2"/>
        </class>
        <line num="14" type="method" name="team" visibility="public" complexity="1" crap="1" count="2"/>
        <line num="16" type="stmt" count="2"/>
        <line num="19" type="method" name="schedule_types" visibility="public" complexity="1" crap="2.00" count="0"/>
        <line num="21" type="stmt" count="0"/>
        <metrics loc="22" ncloc="22" classes="1" methods="2" coveredmethods="1" conditionals="0" coveredconditionals="0" statements="2" coveredstatements="1" elements="4" coveredelements="2"/>
      </file>
      <file name="/Users/mmyers/Documents/Code/team-manager/src/Models/ScheduleType.php">
        <class name="Marcusmyers\TeamManager\Models\ScheduleType" namespace="Marcusmyers\TeamManager\Models">
          <metrics complexity="1" methods="1" coveredmethods="1" conditionals="0" coveredconditionals="0" statements="1" coveredstatements="1" elements="2" coveredelements="2"/>
        </class>
        <line num="13" type="method" name="schedules" visibility="public" complexity="1" crap="1" count="1"/>
        <line num="15" type="stmt" count="1"/>
        <metrics loc="16" ncloc="16" classes="1" methods="1" coveredmethods="1" conditionals="0" coveredconditionals="0" statements="1" coveredstatements="1" elements="2" coveredelements="2"/>
      </file>
      <file name="/Users/mmyers/Documents/Code/team-manager/src/Models/Team.php">
        <class name="Marcusmyers\TeamManager\Models\Team" namespace="Marcusmyers\TeamManager\Models">
          <metrics complexity="3" methods="3" coveredmethods="2" conditionals="0" coveredconditionals="0" statements="3" coveredstatements="2" elements="6" coveredelements="4"/>
        </class>
        <line num="13" type="method" name="athletes" visibility="public" complexity="1" crap="1" count="2"/>
        <line num="15" type="stmt" count="2"/>
        <line num="18" type="method" name="coaches" visibility="public" complexity="1" crap="1" count="3"/>
        <line num="20" type="stmt" count="3"/>
        <line num="23" type="method" name="schedules" visibility="public" complexity="1" crap="2.00" count="0"/>
        <line num="25" type="stmt" count="0"/>
        <metrics loc="26" ncloc="26" classes="1" methods="3" coveredmethods="2" conditionals="0" coveredconditionals="0" statements="3" coveredstatements="2" elements="6" coveredelements="4"/>
      </file>
    </package>
    <package name="Marcusmyers\TeamManager">
      <file name="/Users/mmyers/Documents/Code/team-manager/src/TeamManagerServiceProvider.php">
        <class name="Marcusmyers\TeamManager\TeamManagerServiceProvider" namespace="Marcusmyers\TeamManager">
          <metrics complexity="12" methods="2" coveredmethods="1" conditionals="0" coveredconditionals="0" statements="47" coveredstatements="26" elements="49" coveredelements="27"/>
        </class>
        <line num="13" type="method" name="boot" visibility="public" complexity="11" crap="22.51" count="17"/>
        <line num="15" type="stmt" count="17"/>
        <line num="17" type="stmt" count="17"/>
        <line num="18" type="stmt" count="17"/>
        <line num="19" type="stmt" count="17"/>
        <line num="20" type="stmt" count="17"/>
        <line num="23" type="stmt" count="17"/>
        <line num="24" type="stmt" count="17"/>
        <line num="25" type="stmt" count="17"/>
        <line num="26" type="stmt" count="17"/>
        <line num="29" type="stmt" count="17"/>
        <line num="30" type="stmt" count="17"/>
        <line num="31" type="stmt" count="17"/>
        <line num="32" type="stmt" count="17"/>
        <line num="35" type="stmt" count="17"/>
        <line num="36" type="stmt" count="0"/>
        <line num="37" type="stmt" count="0"/>
        <line num="38" type="stmt" count="0"/>
        <line num="41" type="stmt" count="17"/>
        <line num="42" type="stmt" count="0"/>
        <line num="43" type="stmt" count="0"/>
        <line num="44" type="stmt" count="0"/>
        <line num="47" type="stmt" count="17"/>
        <line num="48" type="stmt" count="0"/>
        <line num="49" type="stmt" count="0"/>
        <line num="50" type="stmt" count="0"/>
        <line num="53" type="stmt" count="17"/>
        <line num="54" type="stmt" count="0"/>
        <line num="55" type="stmt" count="0"/>
        <line num="56" type="stmt" count="0"/>
        <line num="59" type="stmt" count="17"/>
        <line num="60" type="stmt" count="0"/>
        <line num="61" type="stmt" count="0"/>
        <line num="62" type="stmt" count="0"/>
        <line num="65" type="stmt" count="17"/>
        <line num="66" type="stmt" count="0"/>
        <line num="67" type="stmt" count="0"/>
        <line num="68" type="stmt" count="0"/>
        <line num="71" type="stmt" count="17"/>
        <line num="72" type="stmt" count="0"/>
        <line num="73" type="stmt" count="0"/>
        <line num="74" type="stmt" count="0"/>
        <line num="77" type="stmt" count="17"/>
        <line num="79" type="stmt" count="17"/>
        <line num="80" type="stmt" count="17"/>
        <line num="81" type="stmt" count="17"/>
        <line num="82" type="stmt" count="17"/>
        <line num="84" type="method" name="register" visibility="public" complexity="1" crap="1" count="17"/>
        <line num="87" type="stmt" count="17"/>
        <metrics loc="87" ncloc="87" classes="1" methods="2" coveredmethods="1" conditionals="0" coveredconditionals="0" statements="47" coveredstatements="26" elements="49" coveredelements="27"/>
      </file>
    </package>
    <metrics files="9" loc="250" ncloc="250" classes="9" methods="18" coveredmethods="15" conditionals="0" coveredconditionals="0" statements="63" coveredstatements="40" elements="81" coveredelements="55"/>
  </project>
</coverage>
