<?xml version="1.0" encoding="UTF-8"?>
<testsuites>
  <testsuite name="TeamManager Test Suite" tests="20" assertions="28" errors="0" warnings="0" failures="0" skipped="0" time="0.398216">
    <testsuite name="Marcusmyers\TeamManager\Tests\Feature\AthleteTest" file="/Users/mmyers/Documents/Code/team-manager/tests/Feature/AthleteTest.php" tests="1" assertions="2" errors="0" warnings="0" failures="0" skipped="0" time="0.212177">
      <testcase name="the_route_can_be_accessed" class="Marcusmyers\TeamManager\Tests\Feature\AthleteTest" classname="Marcusmyers.TeamManager.Tests.Feature.AthleteTest" file="/Users/mmyers/Documents/Code/team-manager/tests/Feature/AthleteTest.php" line="11" assertions="2" time="0.212177"/>
    </testsuite>
    <testsuite name="Marcusmyers\TeamManager\Tests\Feature\CoachTest" file="/Users/mmyers/Documents/Code/team-manager/tests/Feature/CoachTest.php" tests="1" assertions="2" errors="0" warnings="0" failures="0" skipped="0" time="0.007237">
      <testcase name="the_route_can_be_accessed" class="Marcusmyers\TeamManager\Tests\Feature\CoachTest" classname="Marcusmyers.TeamManager.Tests.Feature.CoachTest" file="/Users/mmyers/Documents/Code/team-manager/tests/Feature/CoachTest.php" line="11" assertions="2" time="0.007237"/>
    </testsuite>
    <testsuite name="Marcusmyers\TeamManager\Tests\Feature\TeamTest" file="/Users/mmyers/Documents/Code/team-manager/tests/Feature/TeamTest.php" tests="1" assertions="3" errors="0" warnings="0" failures="0" skipped="0" time="0.038133">
      <testcase name="the_route_can_be_accessed" class="Marcusmyers\TeamManager\Tests\Feature\TeamTest" classname="Marcusmyers.TeamManager.Tests.Feature.TeamTest" file="/Users/mmyers/Documents/Code/team-manager/tests/Feature/TeamTest.php" line="13" assertions="3" time="0.038133"/>
    </testsuite>
    <testsuite name="Marcusmyers\TeamManager\Tests\Unit\AthleteTest" file="/Users/mmyers/Documents/Code/team-manager/tests/Unit/AthleteTest.php" tests="6" assertions="8" errors="0" warnings="0" failures="0" skipped="0" time="0.041072">
      <testcase name="it_can_access_the_database" class="Marcusmyers\TeamManager\Tests\Unit\AthleteTest" classname="Marcusmyers.TeamManager.Tests.Unit.AthleteTest" file="/Users/mmyers/Documents/Code/team-manager/tests/Unit/AthleteTest.php" line="25" assertions="1" time="0.008609"/>
      <testcase name="it_can_properly_set_the_email_address" class="Marcusmyers\TeamManager\Tests\Unit\AthleteTest" classname="Marcusmyers.TeamManager.Tests.Unit.AthleteTest" file="/Users/mmyers/Documents/Code/team-manager/tests/Unit/AthleteTest.php" line="33" assertions="1" time="0.007380"/>
      <testcase name="it_can_properly_set_the_birthday" class="Marcusmyers\TeamManager\Tests\Unit\AthleteTest" classname="Marcusmyers.TeamManager.Tests.Unit.AthleteTest" file="/Users/mmyers/Documents/Code/team-manager/tests/Unit/AthleteTest.php" line="44" assertions="2" time="0.006708"/>
      <testcase name="it_can_properly_parse_the_athletes_name" class="Marcusmyers\TeamManager\Tests\Unit\AthleteTest" classname="Marcusmyers.TeamManager.Tests.Unit.AthleteTest" file="/Users/mmyers/Documents/Code/team-manager/tests/Unit/AthleteTest.php" line="56" assertions="2" time="0.005543"/>
      <testcase name="it_can_get_active_athletes" class="Marcusmyers\TeamManager\Tests\Unit\AthleteTest" classname="Marcusmyers.TeamManager.Tests.Unit.AthleteTest" file="/Users/mmyers/Documents/Code/team-manager/tests/Unit/AthleteTest.php" line="65" assertions="1" time="0.006080"/>
      <testcase name="the_athlete_can_be_added_to_a_team" class="Marcusmyers\TeamManager\Tests\Unit\AthleteTest" classname="Marcusmyers.TeamManager.Tests.Unit.AthleteTest" file="/Users/mmyers/Documents/Code/team-manager/tests/Unit/AthleteTest.php" line="73" assertions="1" time="0.006752"/>
    </testsuite>
    <testsuite name="Marcusmyers\TeamManager\Tests\Unit\CoachTest" file="/Users/mmyers/Documents/Code/team-manager/tests/Unit/CoachTest.php" tests="4" assertions="5" errors="0" warnings="0" failures="0" skipped="0" time="0.023741">
      <testcase name="it_can_access_the_database" class="Marcusmyers\TeamManager\Tests\Unit\CoachTest" classname="Marcusmyers.TeamManager.Tests.Unit.CoachTest" file="/Users/mmyers/Documents/Code/team-manager/tests/Unit/CoachTest.php" line="14" assertions="1" time="0.006460"/>
      <testcase name="it_can_get_active_coaches" class="Marcusmyers\TeamManager\Tests\Unit\CoachTest" classname="Marcusmyers.TeamManager.Tests.Unit.CoachTest" file="/Users/mmyers/Documents/Code/team-manager/tests/Unit/CoachTest.php" line="24" assertions="1" time="0.005824"/>
      <testcase name="it_can_properly_parse_the_coaches_name" class="Marcusmyers\TeamManager\Tests\Unit\CoachTest" classname="Marcusmyers.TeamManager.Tests.Unit.CoachTest" file="/Users/mmyers/Documents/Code/team-manager/tests/Unit/CoachTest.php" line="34" assertions="2" time="0.005246"/>
      <testcase name="it_can_be_added_to_a_team" class="Marcusmyers\TeamManager\Tests\Unit\CoachTest" classname="Marcusmyers.TeamManager.Tests.Unit.CoachTest" file="/Users/mmyers/Documents/Code/team-manager/tests/Unit/CoachTest.php" line="44" assertions="1" time="0.006210"/>
    </testsuite>
    <testsuite name="Marcusmyers\TeamManager\Tests\Unit\ScheduleTest" file="/Users/mmyers/Documents/Code/team-manager/tests/Unit/ScheduleTest.php" tests="2" assertions="3" errors="0" warnings="0" failures="0" skipped="0" time="0.025260">
      <testcase name="it_can_access_the_database" class="Marcusmyers\TeamManager\Tests\Unit\ScheduleTest" classname="Marcusmyers.TeamManager.Tests.Unit.ScheduleTest" file="/Users/mmyers/Documents/Code/team-manager/tests/Unit/ScheduleTest.php" line="14" assertions="2" time="0.019169"/>
      <testcase name="it_can_properly_parse_the_team_name" class="Marcusmyers\TeamManager\Tests\Unit\ScheduleTest" classname="Marcusmyers.TeamManager.Tests.Unit.ScheduleTest" file="/Users/mmyers/Documents/Code/team-manager/tests/Unit/ScheduleTest.php" line="27" assertions="1" time="0.006091"/>
    </testsuite>
    <testsuite name="Marcusmyers\TeamManager\Tests\Unit\ScheduleTypeTest" file="/Users/mmyers/Documents/Code/team-manager/tests/Unit/ScheduleTypeTest.php" tests="1" assertions="1" errors="0" warnings="0" failures="0" skipped="0" time="0.007638">
      <testcase name="it_can_access_the_database" class="Marcusmyers\TeamManager\Tests\Unit\ScheduleTypeTest" classname="Marcusmyers.TeamManager.Tests.Unit.ScheduleTypeTest" file="/Users/mmyers/Documents/Code/team-manager/tests/Unit/ScheduleTypeTest.php" line="14" assertions="1" time="0.007638"/>
    </testsuite>
    <testsuite name="Marcusmyers\TeamManager\Tests\Unit\TeamTest" file="/Users/mmyers/Documents/Code/team-manager/tests/Unit/TeamTest.php" tests="4" assertions="4" errors="0" warnings="0" failures="0" skipped="0" time="0.042958">
      <testcase name="it_can_access_the_database" class="Marcusmyers\TeamManager\Tests\Unit\TeamTest" classname="Marcusmyers.TeamManager.Tests.Unit.TeamTest" file="/Users/mmyers/Documents/Code/team-manager/tests/Unit/TeamTest.php" line="26" assertions="1" time="0.006240"/>
      <testcase name="it_can_get_active_teams" class="Marcusmyers\TeamManager\Tests\Unit\TeamTest" classname="Marcusmyers.TeamManager.Tests.Unit.TeamTest" file="/Users/mmyers/Documents/Code/team-manager/tests/Unit/TeamTest.php" line="34" assertions="1" time="0.005259"/>
      <testcase name="it_can_have_multiple_coaches" class="Marcusmyers\TeamManager\Tests\Unit\TeamTest" classname="Marcusmyers.TeamManager.Tests.Unit.TeamTest" file="/Users/mmyers/Documents/Code/team-manager/tests/Unit/TeamTest.php" line="42" assertions="1" time="0.008005"/>
      <testcase name="it_can_have_big_team_of_athletes" class="Marcusmyers\TeamManager\Tests\Unit\TeamTest" classname="Marcusmyers.TeamManager.Tests.Unit.TeamTest" file="/Users/mmyers/Documents/Code/team-manager/tests/Unit/TeamTest.php" line="57" assertions="1" time="0.023454"/>
    </testsuite>
  </testsuite>
</testsuites>
